[CommunicationLog]
S [00415A58] : (35)
R [00370573] : 0
S [00370524] : (330F27B7)
R [0036FD45] : 0000000000000000000000000000000000000000000000000000000000000138400010F27B70000000000
S [0036FD16] : (40)
R [0036FD16] : 0
S [0036FCB8] : (21)
R [0036FCB8] : 0
S [0036ED57] : 0B
R [0036ED57] : 0
S [0036E930] : (0B)
R [0036E8F2] : 0
S [0036E6DE] : (07)
R [0036583B] : 000010001000000000AC600000AD000000000000000000000000000000ACE0DD500C50F021F04000FF800
S [0036581C] : (40)
R [0036581C] : 01
S [0036581C] : (34)
R [0036581C] : 010F021F
S [0036580C] : (35)
R [0036580C] : 000010001000000000AC600000AD000000000000000000000000000000ACE0DD500C50F021F04000FF800
S [003657FC] : (40)
R [003657FC] : 01
S [003657ED] : (34)
R [003657ED] : 010F021F
S [003657DD] : (35)
R [0033B916] : 0
S [0033B8C8] : (330F279B)
R [0033A8AB] : 0000000000000000000000000000000000000000000000000000000000000138400010F279B0000000000
S [0033A87C] : (40)
R [0033A86D] : 0
S [0033A80F] : (21)
R [0033A80F] : 0
S [003398BD] : 0B
R [003398BD] : 0
S [00339497] : (0B)
R [00339458] : 0
S [00339245] : (07)
R [0032BB8C] : 0
S [0032BB6D] : (410F028000080)
R [0032BB6D] : 0
S [0032BB5D] : (410F020000080)
R [0032B3DB] : 000010001000000000AC600000AD000000000000000000000000000000ACE0DD500C50F022704000FF800
S [0032B3BC] : (40)
R [0032B3BC] : 01
S [0032B3BC] : (34)
R [0032B3BC] : 010F0227
S [0032B3BC] : (35)
R [0032B3BC] : 000010001000000000AC600000AD000000000000000000000000000000ACE0DD500C50F022704000FF800
S [0032B39D] : (40)
R [0032B39D] : 01
S [0032B38D] : (34)
R [0032B38D] : 010F0227
S [0032B37E] : (35)
R [0003C5B2] : 0
S [0003C564] : (330F2797)
R [0003B96E] : 0000000000000000000000000000000000000000000000000000000000000138400010F27970000000000
S [0003B93F] : (40)
R [0003B93F] : 0
S [0003B8D1] : (21)
R [0003B8D1] : 0
S [0003A98F] : 0B
R [0003A98F] : 0
S [0003A569] : (0B)
R [0003A52A] : 0
S [0003A317] : (07)
R [0003922F] : 0000000000000000000000000000000000000000000000000000000000000138400010F27D30000000000
S [000391F0] : (40)
R [000391B2] : 0
S [00038F8F] : (07)
R [00038F8F] : 0
S [00038F41] : (08)
R [00038F41] : 0000000000000000000000000000000000000000000000000000000000000138400010F27D30000000000
S [00038F12] : (40)
R [00038F12] : 01
S [00038F12] : (34)
R [00038F12] : 010F27D3
S [00038EF3] : (35)
R [00038EE3] : 018066FFFFC000E000FFFF080404F08040411
S [00038EE3] : (00)
